  [1m[36m (1.9ms)[0m  [1mCREATE TABLE "schema_migrations" ("version" varchar NOT NULL) [0m
  [1m[35m (0.4ms)[0m  select sqlite_version(*)
  [1m[36m (0.7ms)[0m  [1mCREATE UNIQUE INDEX "unique_schema_migrations" ON "schema_migrations" ("version")[0m
  [1m[35mActiveRecord::SchemaMigration Load (0.1ms)[0m  SELECT "schema_migrations".* FROM "schema_migrations"
Migrating to CreateRestaurants (20160301201111)
  [1m[36m (0.1ms)[0m  [1mbegin transaction[0m
  [1m[35m (0.3ms)[0m  CREATE TABLE "restaurants" ("id" INTEGER PRIMARY KEY AUTOINCREMENT NOT NULL, "name" varchar, "imageurl" varchar, "socialmedia1" varchar, "socialmedia2" varchar, "menuurl" varchar, "created_at" datetime NOT NULL, "updated_at" datetime NOT NULL) 
  [1m[36mSQL (0.2ms)[0m  [1mINSERT INTO "schema_migrations" ("version") VALUES (?)[0m  [["version", "20160301201111"]]
  [1m[35m (0.7ms)[0m  commit transaction
Migrating to CreateUsers (20160301201526)
  [1m[36m (0.1ms)[0m  [1mbegin transaction[0m
  [1m[35m (0.3ms)[0m  CREATE TABLE "users" ("id" INTEGER PRIMARY KEY AUTOINCREMENT NOT NULL, "email" varchar, "name" varchar, "restaurant_id" integer, "created_at" datetime NOT NULL, "updated_at" datetime NOT NULL) 
  [1m[36mSQL (0.1ms)[0m  [1mINSERT INTO "schema_migrations" ("version") VALUES (?)[0m  [["version", "20160301201526"]]
  [1m[35m (0.6ms)[0m  commit transaction
Migrating to CreateSubmissions (20160301202040)
  [1m[36m (0.0ms)[0m  [1mbegin transaction[0m
  [1m[35m (0.0ms)[0m  rollback transaction
  [1m[36mActiveRecord::SchemaMigration Load (0.1ms)[0m  [1mSELECT "schema_migrations".* FROM "schema_migrations"[0m
Migrating to CreateSubmissions (20160301202040)
  [1m[35m (0.1ms)[0m  begin transaction
  [1m[36m (1.1ms)[0m  [1mCREATE TABLE "submissions" ("id" INTEGER PRIMARY KEY AUTOINCREMENT NOT NULL, "user_id" integer, "food" varchar, "cost" integer, "timesensitive" boolean, "submittime" datetime, "expirationtime" datetime, "imageurl" varchar, "description" text, "created_at" datetime NOT NULL, "updated_at" datetime NOT NULL) [0m
  [1m[35mSQL (0.1ms)[0m  INSERT INTO "schema_migrations" ("version") VALUES (?)  [["version", "20160301202040"]]
  [1m[36m (1.1ms)[0m  [1mcommit transaction[0m
  [1m[35mActiveRecord::SchemaMigration Load (0.1ms)[0m  SELECT "schema_migrations".* FROM "schema_migrations"
  [1m[36mRestaurant Load (1.0ms)[0m  [1mSELECT "restaurants".* FROM "restaurants"[0m
  [1m[35m (0.1ms)[0m  begin transaction
  [1m[36mSQL (0.4ms)[0m  [1mINSERT INTO "restaurants" ("name", "created_at", "updated_at") VALUES (?, ?, ?)[0m  [["name", "Jines"], ["created_at", "2016-03-01 20:28:04.913633"], ["updated_at", "2016-03-01 20:28:04.913633"]]
  [1m[35m (1.1ms)[0m  commit transaction
  [1m[36mRestaurant Load (0.2ms)[0m  [1mSELECT "restaurants".* FROM "restaurants"[0m
  [1m[35mRestaurant Load (0.2ms)[0m  SELECT  "restaurants".* FROM "restaurants"  ORDER BY "restaurants"."id" ASC LIMIT 1
  [1m[36mRestaurant Load (0.2ms)[0m  [1mSELECT  "restaurants".* FROM "restaurants"  ORDER BY "restaurants"."id" ASC LIMIT 1[0m


Started GET "/" for ::1 at 2016-03-01 15:29:31 -0500
  [1m[36mActiveRecord::SchemaMigration Load (0.1ms)[0m  [1mSELECT "schema_migrations".* FROM "schema_migrations"[0m
Processing by Rails::WelcomeController#index as HTML
  Rendered /Library/Ruby/Gems/2.0.0/gems/railties-4.2.5.2/lib/rails/templates/rails/welcome/index.html.erb (1.1ms)
Completed 200 OK in 27ms (Views: 7.0ms | ActiveRecord: 0.0ms)


Started GET "/restaurants" for ::1 at 2016-03-01 15:31:36 -0500

ActionController::RoutingError (uninitialized constant RestaurantsController):
  activesupport (4.2.5.2) lib/active_support/inflector/methods.rb:261:in `const_get'
  activesupport (4.2.5.2) lib/active_support/inflector/methods.rb:261:in `block in constantize'
  activesupport (4.2.5.2) lib/active_support/inflector/methods.rb:259:in `each'
  activesupport (4.2.5.2) lib/active_support/inflector/methods.rb:259:in `inject'
  activesupport (4.2.5.2) lib/active_support/inflector/methods.rb:259:in `constantize'
  actionpack (4.2.5.2) lib/action_dispatch/routing/route_set.rb:70:in `controller_reference'
  actionpack (4.2.5.2) lib/action_dispatch/routing/route_set.rb:60:in `controller'
  actionpack (4.2.5.2) lib/action_dispatch/routing/route_set.rb:39:in `serve'
  actionpack (4.2.5.2) lib/action_dispatch/journey/router.rb:43:in `block in serve'
  actionpack (4.2.5.2) lib/action_dispatch/journey/router.rb:30:in `each'
  actionpack (4.2.5.2) lib/action_dispatch/journey/router.rb:30:in `serve'
  actionpack (4.2.5.2) lib/action_dispatch/routing/route_set.rb:815:in `call'
  rack (1.6.4) lib/rack/etag.rb:24:in `call'
  rack (1.6.4) lib/rack/conditionalget.rb:25:in `call'
  rack (1.6.4) lib/rack/head.rb:13:in `call'
  actionpack (4.2.5.2) lib/action_dispatch/middleware/params_parser.rb:27:in `call'
  actionpack (4.2.5.2) lib/action_dispatch/middleware/flash.rb:260:in `call'
  rack (1.6.4) lib/rack/session/abstract/id.rb:225:in `context'
  rack (1.6.4) lib/rack/session/abstract/id.rb:220:in `call'
  actionpack (4.2.5.2) lib/action_dispatch/middleware/cookies.rb:560:in `call'
  activerecord (4.2.5.2) lib/active_record/query_cache.rb:36:in `call'
  activerecord (4.2.5.2) lib/active_record/connection_adapters/abstract/connection_pool.rb:653:in `call'
  activerecord (4.2.5.2) lib/active_record/migration.rb:377:in `call'
  actionpack (4.2.5.2) lib/action_dispatch/middleware/callbacks.rb:29:in `block in call'
  activesupport (4.2.5.2) lib/active_support/callbacks.rb:88:in `__run_callbacks__'
  activesupport (4.2.5.2) lib/active_support/callbacks.rb:778:in `_run_call_callbacks'
  activesupport (4.2.5.2) lib/active_support/callbacks.rb:81:in `run_callbacks'
  actionpack (4.2.5.2) lib/action_dispatch/middleware/callbacks.rb:27:in `call'
  actionpack (4.2.5.2) lib/action_dispatch/middleware/reloader.rb:73:in `call'
  actionpack (4.2.5.2) lib/action_dispatch/middleware/remote_ip.rb:78:in `call'
  actionpack (4.2.5.2) lib/action_dispatch/middleware/debug_exceptions.rb:17:in `call'
  web-console (2.3.0) lib/web_console/middleware.rb:28:in `block in call'
  web-console (2.3.0) lib/web_console/middleware.rb:18:in `catch'
  web-console (2.3.0) lib/web_console/middleware.rb:18:in `call'
  actionpack (4.2.5.2) lib/action_dispatch/middleware/show_exceptions.rb:30:in `call'
  railties (4.2.5.2) lib/rails/rack/logger.rb:38:in `call_app'
  railties (4.2.5.2) lib/rails/rack/logger.rb:20:in `block in call'
  activesupport (4.2.5.2) lib/active_support/tagged_logging.rb:68:in `block in tagged'
  activesupport (4.2.5.2) lib/active_support/tagged_logging.rb:26:in `tagged'
  activesupport (4.2.5.2) lib/active_support/tagged_logging.rb:68:in `tagged'
  railties (4.2.5.2) lib/rails/rack/logger.rb:20:in `call'
  actionpack (4.2.5.2) lib/action_dispatch/middleware/request_id.rb:21:in `call'
  rack (1.6.4) lib/rack/methodoverride.rb:22:in `call'
  rack (1.6.4) lib/rack/runtime.rb:18:in `call'
  activesupport (4.2.5.2) lib/active_support/cache/strategy/local_cache_middleware.rb:28:in `call'
  rack (1.6.4) lib/rack/lock.rb:17:in `call'
  actionpack (4.2.5.2) lib/action_dispatch/middleware/static.rb:116:in `call'
  rack (1.6.4) lib/rack/sendfile.rb:113:in `call'
  railties (4.2.5.2) lib/rails/engine.rb:518:in `call'
  railties (4.2.5.2) lib/rails/application.rb:165:in `call'
  rack (1.6.4) lib/rack/lock.rb:17:in `call'
  rack (1.6.4) lib/rack/content_length.rb:15:in `call'
  rack (1.6.4) lib/rack/handler/webrick.rb:88:in `service'
  /System/Library/Frameworks/Ruby.framework/Versions/2.0/usr/lib/ruby/2.0.0/webrick/httpserver.rb:138:in `service'
  /System/Library/Frameworks/Ruby.framework/Versions/2.0/usr/lib/ruby/2.0.0/webrick/httpserver.rb:94:in `run'
  /System/Library/Frameworks/Ruby.framework/Versions/2.0/usr/lib/ruby/2.0.0/webrick/server.rb:295:in `block in start_thread'


  Rendered /Library/Ruby/Gems/2.0.0/gems/actionpack-4.2.5.2/lib/action_dispatch/middleware/templates/rescues/_trace.html.erb (1.3ms)
  Rendered /Library/Ruby/Gems/2.0.0/gems/actionpack-4.2.5.2/lib/action_dispatch/middleware/templates/routes/_route.html.erb (1.0ms)
  Rendered /Library/Ruby/Gems/2.0.0/gems/actionpack-4.2.5.2/lib/action_dispatch/middleware/templates/routes/_table.html.erb (4.9ms)
  Rendered /Library/Ruby/Gems/2.0.0/gems/actionpack-4.2.5.2/lib/action_dispatch/middleware/templates/rescues/_request_and_response.html.erb (1.0ms)
  Rendered /Library/Ruby/Gems/2.0.0/gems/actionpack-4.2.5.2/lib/action_dispatch/middleware/templates/rescues/routing_error.html.erb within rescues/layout (68.7ms)
  Rendered /Library/Ruby/Gems/2.0.0/gems/web-console-2.3.0/lib/web_console/templates/_markup.html.erb (0.3ms)
  Rendered /Library/Ruby/Gems/2.0.0/gems/web-console-2.3.0/lib/web_console/templates/_inner_console_markup.html.erb within layouts/inlined_string (0.3ms)
  Rendered /Library/Ruby/Gems/2.0.0/gems/web-console-2.3.0/lib/web_console/templates/_prompt_box_markup.html.erb within layouts/inlined_string (0.3ms)
  Rendered /Library/Ruby/Gems/2.0.0/gems/web-console-2.3.0/lib/web_console/templates/style.css.erb within layouts/inlined_string (0.3ms)
  Rendered /Library/Ruby/Gems/2.0.0/gems/web-console-2.3.0/lib/web_console/templates/console.js.erb within layouts/javascript (18.9ms)
  Rendered /Library/Ruby/Gems/2.0.0/gems/web-console-2.3.0/lib/web_console/templates/main.js.erb within layouts/javascript (0.2ms)
  Rendered /Library/Ruby/Gems/2.0.0/gems/web-console-2.3.0/lib/web_console/templates/error_page.js.erb within layouts/javascript (0.3ms)
  Rendered /Library/Ruby/Gems/2.0.0/gems/web-console-2.3.0/lib/web_console/templates/index.html.erb (36.4ms)


Started GET "/restaurants" for ::1 at 2016-03-01 15:33:56 -0500
  [1m[36mActiveRecord::SchemaMigration Load (0.1ms)[0m  [1mSELECT "schema_migrations".* FROM "schema_migrations"[0m
Processing by RestaurantsController#index as HTML
  [1m[35mRestaurant Load (0.1ms)[0m  SELECT "restaurants".* FROM "restaurants"
  Rendered restaurants/index.html.erb within layouts/application (8.1ms)
Completed 200 OK in 1364ms (Views: 1339.2ms | ActiveRecord: 0.4ms)


Started GET "/assets/turbolinks.self-c37727e9bd6b2735da5c311aa83fead54ed0be6cc8bd9a65309e9c5abe2cbfff.js?body=1" for ::1 at 2016-03-01 15:33:58 -0500


Started GET "/assets/jquery.self-c64a74367bda6ef8b860f19e74df08927ca99d2be2ac934e9e92d5fd361e0da4.js?body=1" for ::1 at 2016-03-01 15:33:58 -0500


Started GET "/assets/application.self-e80e8f2318043e8af94dddc2adad5a4f09739a8ebb323b3ab31cd71d45fd9113.css?body=1" for ::1 at 2016-03-01 15:33:58 -0500


Started GET "/assets/jquery_ujs.self-d602bdfe68ffc63b9f9cc512872aa3cfff046228a0a36e90dd476e8ef54c1b09.js?body=1" for ::1 at 2016-03-01 15:33:58 -0500


Started GET "/assets/application.self-3b8dabdc891efe46b9a144b400ad69e37d7e5876bdc39dee783419a69d7ca819.js?body=1" for ::1 at 2016-03-01 15:33:58 -0500


Started GET "/restaurants.json" for ::1 at 2016-03-01 15:34:13 -0500
Processing by RestaurantsController#index as JSON
  [1m[36mRestaurant Load (0.2ms)[0m  [1mSELECT "restaurants".* FROM "restaurants"[0m
  Rendered restaurants/index.json.jbuilder (2.9ms)
Completed 200 OK in 6ms (Views: 4.5ms | ActiveRecord: 0.2ms)


Started GET "/restaurants/new" for ::1 at 2016-03-01 15:34:29 -0500
Processing by RestaurantsController#new as HTML
  Rendered restaurants/_form.html.erb (5.7ms)
  Rendered restaurants/new.html.erb within layouts/application (8.7ms)
Completed 200 OK in 20ms (Views: 18.7ms | ActiveRecord: 0.0ms)


Started POST "/restaurants" for ::1 at 2016-03-01 15:34:35 -0500
Processing by RestaurantsController#create as HTML
  Parameters: {"utf8"=>"✓", "authenticity_token"=>"0eYQdeRrv29a0fQz6fct1fnMubu/mfpEagsOHqwRq4+s9ef8f7eWfK2PCHpQHNShoGy3iGtH+iPlTFSIEqgrKw==", "commit"=>"Create Restaurant"}
  [1m[35m (0.1ms)[0m  begin transaction
  [1m[36mSQL (0.5ms)[0m  [1mINSERT INTO "restaurants" ("created_at", "updated_at") VALUES (?, ?)[0m  [["created_at", "2016-03-01 20:34:35.572634"], ["updated_at", "2016-03-01 20:34:35.572634"]]
  [1m[35m (0.6ms)[0m  commit transaction
Redirected to http://localhost:3000/restaurants/2
Completed 302 Found in 6ms (ActiveRecord: 1.2ms)


Started GET "/restaurants/2" for ::1 at 2016-03-01 15:34:35 -0500
Processing by RestaurantsController#show as HTML
  Parameters: {"id"=>"2"}
  [1m[36mRestaurant Load (0.2ms)[0m  [1mSELECT  "restaurants".* FROM "restaurants" WHERE "restaurants"."id" = ? LIMIT 1[0m  [["id", 2]]
  Rendered restaurants/show.html.erb within layouts/application (0.7ms)
Completed 200 OK in 14ms (Views: 9.0ms | ActiveRecord: 0.2ms)


Started GET "/restaurants" for ::1 at 2016-03-01 15:34:39 -0500
Processing by RestaurantsController#index as HTML
  [1m[35mRestaurant Load (0.2ms)[0m  SELECT "restaurants".* FROM "restaurants"
  Rendered restaurants/index.html.erb within layouts/application (2.1ms)
Completed 200 OK in 13ms (Views: 11.8ms | ActiveRecord: 0.2ms)
  [1m[36mRestaurant Load (1.2ms)[0m  [1mSELECT "restaurants".* FROM "restaurants"[0m
  [1m[35m (0.2ms)[0m  begin transaction
  [1m[36mSQL (0.4ms)[0m  [1mINSERT INTO "restaurants" ("name", "socialmedia1", "created_at", "updated_at") VALUES (?, ?, ?, ?)[0m  [["name", "Deli Sandros"], ["socialmedia1", "www.google.com"], ["created_at", "2016-03-01 21:09:57.467508"], ["updated_at", "2016-03-01 21:09:57.467508"]]
  [1m[35m (0.7ms)[0m  commit transaction
  [1m[36mRestaurant Load (0.2ms)[0m  [1mSELECT "restaurants".* FROM "restaurants"[0m
  [1m[36mRestaurant Load (1.0ms)[0m  [1mSELECT "restaurants".* FROM "restaurants"[0m
  [1m[35mRestaurant Load (0.2ms)[0m  SELECT  "restaurants".* FROM "restaurants"  ORDER BY "restaurants"."id" ASC LIMIT 1
  [1m[36mRestaurant Load (0.2ms)[0m  [1mSELECT  "restaurants".* FROM "restaurants"  ORDER BY "restaurants"."id" ASC LIMIT 1[0m


Started GET "/restaurants" for ::1 at 2016-03-01 16:22:11 -0500
  [1m[36mActiveRecord::SchemaMigration Load (0.1ms)[0m  [1mSELECT "schema_migrations".* FROM "schema_migrations"[0m
Processing by RestaurantsController#index as HTML
  [1m[35mRestaurant Load (0.2ms)[0m  SELECT "restaurants".* FROM "restaurants"
  Rendered restaurants/index.html.erb within layouts/application (11.8ms)
Completed 200 OK in 360ms (Views: 336.8ms | ActiveRecord: 0.4ms)


Started GET "/assets/application.self-e80e8f2318043e8af94dddc2adad5a4f09739a8ebb323b3ab31cd71d45fd9113.css?body=1" for ::1 at 2016-03-01 16:22:12 -0500


Started GET "/assets/turbolinks.self-c37727e9bd6b2735da5c311aa83fead54ed0be6cc8bd9a65309e9c5abe2cbfff.js?body=1" for ::1 at 2016-03-01 16:22:12 -0500


Started GET "/assets/jquery.self-c64a74367bda6ef8b860f19e74df08927ca99d2be2ac934e9e92d5fd361e0da4.js?body=1" for ::1 at 2016-03-01 16:22:12 -0500


Started GET "/assets/jquery_ujs.self-d602bdfe68ffc63b9f9cc512872aa3cfff046228a0a36e90dd476e8ef54c1b09.js?body=1" for ::1 at 2016-03-01 16:22:12 -0500


Started GET "/assets/application.self-3b8dabdc891efe46b9a144b400ad69e37d7e5876bdc39dee783419a69d7ca819.js?body=1" for ::1 at 2016-03-01 16:22:12 -0500


Started GET "/restaurants/1" for ::1 at 2016-03-01 16:22:17 -0500
Processing by RestaurantsController#show as HTML
  Parameters: {"id"=>"1"}
  [1m[36mRestaurant Load (0.2ms)[0m  [1mSELECT  "restaurants".* FROM "restaurants" WHERE "restaurants"."id" = ? LIMIT 1[0m  [["id", 1]]
  Rendered restaurants/show.html.erb within layouts/application (0.7ms)
Completed 200 OK in 18ms (Views: 9.6ms | ActiveRecord: 0.2ms)


Started GET "/restaurants/1/edit" for ::1 at 2016-03-01 16:22:19 -0500
Processing by RestaurantsController#edit as HTML
  Parameters: {"id"=>"1"}
  [1m[35mRestaurant Load (0.1ms)[0m  SELECT  "restaurants".* FROM "restaurants" WHERE "restaurants"."id" = ? LIMIT 1  [["id", 1]]
  Rendered restaurants/_form.html.erb (61.3ms)
  Rendered restaurants/edit.html.erb within layouts/application (66.8ms)
Completed 200 OK in 78ms (Views: 76.4ms | ActiveRecord: 0.1ms)


Started GET "/restaurants" for ::1 at 2016-03-01 16:22:22 -0500
Processing by RestaurantsController#index as HTML
  [1m[36mRestaurant Load (0.2ms)[0m  [1mSELECT "restaurants".* FROM "restaurants"[0m
  Rendered restaurants/index.html.erb within layouts/application (2.7ms)
Completed 200 OK in 12ms (Views: 11.5ms | ActiveRecord: 0.2ms)


Started GET "/restaurants/1/edit" for ::1 at 2016-03-01 16:22:34 -0500
Processing by RestaurantsController#edit as HTML
  Parameters: {"id"=>"1"}
  [1m[35mRestaurant Load (0.1ms)[0m  SELECT  "restaurants".* FROM "restaurants" WHERE "restaurants"."id" = ? LIMIT 1  [["id", 1]]
  Rendered restaurants/_form.html.erb (0.8ms)
  Rendered restaurants/edit.html.erb within layouts/application (1.6ms)
Completed 200 OK in 11ms (Views: 9.7ms | ActiveRecord: 0.1ms)


Started GET "/restaurants/1" for ::1 at 2016-03-01 16:22:38 -0500
Processing by RestaurantsController#show as HTML
  Parameters: {"id"=>"1"}
  [1m[36mRestaurant Load (0.1ms)[0m  [1mSELECT  "restaurants".* FROM "restaurants" WHERE "restaurants"."id" = ? LIMIT 1[0m  [["id", 1]]
  Rendered restaurants/show.html.erb within layouts/application (0.2ms)
Completed 200 OK in 10ms (Views: 9.1ms | ActiveRecord: 0.1ms)


Started GET "/restaurants" for ::1 at 2016-03-01 16:22:41 -0500
Processing by RestaurantsController#index as HTML
  [1m[35mRestaurant Load (0.1ms)[0m  SELECT "restaurants".* FROM "restaurants"
  Rendered restaurants/index.html.erb within layouts/application (1.9ms)
Completed 200 OK in 11ms (Views: 10.5ms | ActiveRecord: 0.1ms)


Started GET "/restaurants/1/edit" for ::1 at 2016-03-01 16:22:50 -0500
Processing by RestaurantsController#edit as HTML
  Parameters: {"id"=>"1"}
  [1m[36mRestaurant Load (0.1ms)[0m  [1mSELECT  "restaurants".* FROM "restaurants" WHERE "restaurants"."id" = ? LIMIT 1[0m  [["id", 1]]
  Rendered restaurants/_form.html.erb (0.8ms)
  Rendered restaurants/edit.html.erb within layouts/application (1.7ms)
Completed 200 OK in 13ms (Views: 11.6ms | ActiveRecord: 0.1ms)


Started GET "/restaurants/1" for ::1 at 2016-03-01 16:22:51 -0500
Processing by RestaurantsController#show as HTML
  Parameters: {"id"=>"1"}
  [1m[35mRestaurant Load (0.1ms)[0m  SELECT  "restaurants".* FROM "restaurants" WHERE "restaurants"."id" = ? LIMIT 1  [["id", 1]]
  Rendered restaurants/show.html.erb within layouts/application (0.4ms)
Completed 200 OK in 11ms (Views: 9.7ms | ActiveRecord: 0.1ms)


Started GET "/restaurants/1/edit" for ::1 at 2016-03-01 16:22:52 -0500
Processing by RestaurantsController#edit as HTML
  Parameters: {"id"=>"1"}
  [1m[36mRestaurant Load (0.1ms)[0m  [1mSELECT  "restaurants".* FROM "restaurants" WHERE "restaurants"."id" = ? LIMIT 1[0m  [["id", 1]]
  Rendered restaurants/_form.html.erb (1.0ms)
  Rendered restaurants/edit.html.erb within layouts/application (2.0ms)
Completed 200 OK in 14ms (Views: 13.0ms | ActiveRecord: 0.1ms)


Started GET "/restaurants" for ::1 at 2016-03-01 16:22:53 -0500
Processing by RestaurantsController#index as HTML
  [1m[35mRestaurant Load (0.1ms)[0m  SELECT "restaurants".* FROM "restaurants"
  Rendered restaurants/index.html.erb within layouts/application (1.2ms)
Completed 200 OK in 11ms (Views: 10.1ms | ActiveRecord: 0.1ms)


Started DELETE "/restaurants/2" for ::1 at 2016-03-01 16:23:10 -0500
Processing by RestaurantsController#destroy as HTML
  Parameters: {"authenticity_token"=>"LHZse19OPqYZVrJioNF+GP6XIHefNvuhy+8juOzGrghRZZvyxJIXte4ITisZOodspzcuREvo+8ZEqHkuUn8urA==", "id"=>"2"}
  [1m[36mRestaurant Load (0.2ms)[0m  [1mSELECT  "restaurants".* FROM "restaurants" WHERE "restaurants"."id" = ? LIMIT 1[0m  [["id", 2]]
  [1m[35m (0.1ms)[0m  begin transaction
  [1m[36mSQL (0.3ms)[0m  [1mDELETE FROM "restaurants" WHERE "restaurants"."id" = ?[0m  [["id", 2]]
  [1m[35m (0.6ms)[0m  commit transaction
Redirected to http://localhost:3000/restaurants
Completed 302 Found in 4ms (ActiveRecord: 1.2ms)


Started GET "/restaurants" for ::1 at 2016-03-01 16:23:10 -0500
Processing by RestaurantsController#index as HTML
  [1m[36mRestaurant Load (0.1ms)[0m  [1mSELECT "restaurants".* FROM "restaurants"[0m
  Rendered restaurants/index.html.erb within layouts/application (1.3ms)
Completed 200 OK in 11ms (Views: 10.6ms | ActiveRecord: 0.1ms)


Started GET "/restaurants/new" for ::1 at 2016-03-01 16:23:16 -0500
Processing by RestaurantsController#new as HTML
  Rendered restaurants/_form.html.erb (1.1ms)
  Rendered restaurants/new.html.erb within layouts/application (2.3ms)
Completed 200 OK in 12ms (Views: 11.0ms | ActiveRecord: 0.0ms)


Started POST "/restaurants" for ::1 at 2016-03-01 16:23:17 -0500
Processing by RestaurantsController#create as HTML
  Parameters: {"utf8"=>"✓", "authenticity_token"=>"oVaZv/AEqgXXPWfK8Vm/lsLX9gXMekUkJ+Vnkgu8G2bcRW42a9iDFiBjm4NIskbim3f4NhikRUOooj0EtQWbwg==", "commit"=>"Create Restaurant"}
  [1m[35m (0.1ms)[0m  begin transaction
  [1m[36mSQL (0.3ms)[0m  [1mINSERT INTO "restaurants" ("created_at", "updated_at") VALUES (?, ?)[0m  [["created_at", "2016-03-01 21:23:18.030877"], ["updated_at", "2016-03-01 21:23:18.030877"]]
  [1m[35m (1.1ms)[0m  commit transaction
Redirected to http://localhost:3000/restaurants/4
Completed 302 Found in 4ms (ActiveRecord: 1.5ms)


Started GET "/restaurants/4" for ::1 at 2016-03-01 16:23:18 -0500
Processing by RestaurantsController#show as HTML
  Parameters: {"id"=>"4"}
  [1m[36mRestaurant Load (0.1ms)[0m  [1mSELECT  "restaurants".* FROM "restaurants" WHERE "restaurants"."id" = ? LIMIT 1[0m  [["id", 4]]
  Rendered restaurants/show.html.erb within layouts/application (0.7ms)
Completed 200 OK in 10ms (Views: 9.4ms | ActiveRecord: 0.1ms)


Started GET "/restaurants" for ::1 at 2016-03-01 16:23:24 -0500
Processing by RestaurantsController#index as HTML
  [1m[35mRestaurant Load (0.1ms)[0m  SELECT "restaurants".* FROM "restaurants"
  Rendered restaurants/index.html.erb within layouts/application (1.6ms)
Completed 200 OK in 11ms (Views: 10.1ms | ActiveRecord: 0.1ms)


Started GET "/restaurants/new" for ::1 at 2016-03-01 16:23:26 -0500
Processing by RestaurantsController#new as HTML
  Rendered restaurants/_form.html.erb (1.0ms)
  Rendered restaurants/new.html.erb within layouts/application (1.8ms)
Completed 200 OK in 11ms (Views: 10.2ms | ActiveRecord: 0.0ms)


Started POST "/restaurants" for ::1 at 2016-03-01 16:23:27 -0500
Processing by RestaurantsController#create as HTML
  Parameters: {"utf8"=>"✓", "authenticity_token"=>"tJiXsA7AKKFJbIVnQYJZlbG+WjPEY4Ft4LxITVjfgA7Ji2A5lRwBsr4yeS74aaDh6B5UABC9gQpv+xLb5mYAqg==", "commit"=>"Create Restaurant"}
  [1m[36m (0.1ms)[0m  [1mbegin transaction[0m
  [1m[35mSQL (0.2ms)[0m  INSERT INTO "restaurants" ("created_at", "updated_at") VALUES (?, ?)  [["created_at", "2016-03-01 21:23:27.039066"], ["updated_at", "2016-03-01 21:23:27.039066"]]
  [1m[36m (1.1ms)[0m  [1mcommit transaction[0m
Redirected to http://localhost:3000/restaurants/5
Completed 302 Found in 4ms (ActiveRecord: 1.4ms)


Started GET "/restaurants/5" for ::1 at 2016-03-01 16:23:27 -0500
Processing by RestaurantsController#show as HTML
  Parameters: {"id"=>"5"}
  [1m[35mRestaurant Load (0.1ms)[0m  SELECT  "restaurants".* FROM "restaurants" WHERE "restaurants"."id" = ? LIMIT 1  [["id", 5]]
  Rendered restaurants/show.html.erb within layouts/application (0.4ms)
Completed 200 OK in 22ms (Views: 21.5ms | ActiveRecord: 0.1ms)


Started GET "/restaurants" for ::1 at 2016-03-01 16:23:28 -0500
Processing by RestaurantsController#index as HTML
  [1m[36mRestaurant Load (0.1ms)[0m  [1mSELECT "restaurants".* FROM "restaurants"[0m
  Rendered restaurants/index.html.erb within layouts/application (1.3ms)
Completed 200 OK in 10ms (Views: 9.2ms | ActiveRecord: 0.1ms)
  [1m[36mRestaurant Load (5.0ms)[0m  [1mSELECT "restaurants".* FROM "restaurants"[0m
  [1m[35m (0.0ms)[0m  begin transaction
  [1m[36mSQL (18.0ms)[0m  [1mINSERT INTO "restaurants" ("name", "created_at", "updated_at") VALUES (?, ?, ?)[0m  [["name", "Mozzeronis Pizza"], ["created_at", "2016-03-22 04:28:44.035452"], ["updated_at", "2016-03-22 04:28:44.035452"]]
  [1m[35m (18.0ms)[0m  commit transaction
  [1m[36m (0.0ms)[0m  [1mbegin transaction[0m
  [1m[35mSQL (2.0ms)[0m  INSERT INTO "restaurants" ("name", "imageurl", "created_at", "updated_at") VALUES (?, ?, ?, ?)  [["name", "Mozzeronis Pizza"], ["imageurl", "img/restaurants/mozzeronis.png"], ["created_at", "2016-03-22 04:44:24.718256"], ["updated_at", "2016-03-22 04:44:24.718256"]]
  [1m[36m (16.0ms)[0m  [1mcommit transaction[0m
  [1m[35m (0.0ms)[0m  begin transaction
  [1m[36mSQL (2.0ms)[0m  [1mINSERT INTO "restaurants" ("name", "imageurl", "created_at", "updated_at") VALUES (?, ?, ?, ?)[0m  [["name", "Deli Sandro's"], ["imageurl", "img/restaurants/deli1.png"], ["created_at", "2016-03-22 04:47:53.420193"], ["updated_at", "2016-03-22 04:47:53.420193"]]
  [1m[35m (55.0ms)[0m  commit transaction
  [1m[36m (0.0ms)[0m  [1mbegin transaction[0m
  [1m[35mSQL (2.0ms)[0m  INSERT INTO "restaurants" ("name", "imageurl", "created_at", "updated_at") VALUES (?, ?, ?, ?)  [["name", "Chest Cab Pizzeria"], ["imageurl", "img/restaurants/chester.png"], ["created_at", "2016-03-22 04:48:29.543259"], ["updated_at", "2016-03-22 04:48:29.543259"]]
  [1m[36m (18.0ms)[0m  [1mcommit transaction[0m
  [1m[35m (1.0ms)[0m  begin transaction
  [1m[36mSQL (2.0ms)[0m  [1mINSERT INTO "restaurants" ("name", "imageurl", "created_at", "updated_at") VALUES (?, ?, ?, ?)[0m  [["name", "Hogan's Hideaway"], ["imageurl", "img/restaurants/hogans.png"], ["created_at", "2016-03-22 04:48:55.507744"], ["updated_at", "2016-03-22 04:48:55.507744"]]
  [1m[35m (51.0ms)[0m  commit transaction
<<<<<<< HEAD
  [1m[36mRestaurant Load (1.5ms)[0m  [1mSELECT "restaurants".* FROM "restaurants"[0m


Started GET "/" for ::1 at 2016-03-23 09:51:34 -0400
  [1m[36mActiveRecord::SchemaMigration Load (0.4ms)[0m  [1mSELECT "schema_migrations".* FROM "schema_migrations"[0m
Processing by Rails::WelcomeController#index as HTML
  Rendered /Library/Ruby/Gems/2.0.0/gems/railties-4.2.5.2/lib/rails/templates/rails/welcome/index.html.erb (1.7ms)
Completed 200 OK in 30ms (Views: 12.7ms | ActiveRecord: 0.0ms)


Started GET "/favicon.ico" for ::1 at 2016-03-23 09:51:35 -0400
=======
  [1m[36mRestaurant Load (29.0ms)[0m  [1mSELECT "restaurants".* FROM "restaurants"[0m


Started GET "/" for ::1 at 2016-03-23 13:07:30 -0400
  [1m[36mActiveRecord::SchemaMigration Load (1.0ms)[0m  [1mSELECT "schema_migrations".* FROM "schema_migrations"[0m
Processing by Rails::WelcomeController#index as HTML
  Rendered C:/RailsInstaller/Ruby2.2.0/lib/ruby/gems/2.2.0/gems/railties-4.2.5.2/lib/rails/templates/rails/welcome/index.html.erb (12.0ms)
Completed 200 OK in 248ms (Views: 156.6ms | ActiveRecord: 0.0ms)


Started GET "/favicon.ico" for ::1 at 2016-03-23 13:07:32 -0400
>>>>>>> origin/master

ActionController::RoutingError (No route matches [GET] "/favicon.ico"):
  actionpack (4.2.5.2) lib/action_dispatch/middleware/debug_exceptions.rb:21:in `call'
  web-console (2.3.0) lib/web_console/middleware.rb:28:in `block in call'
  web-console (2.3.0) lib/web_console/middleware.rb:18:in `catch'
  web-console (2.3.0) lib/web_console/middleware.rb:18:in `call'
  actionpack (4.2.5.2) lib/action_dispatch/middleware/show_exceptions.rb:30:in `call'
  railties (4.2.5.2) lib/rails/rack/logger.rb:38:in `call_app'
  railties (4.2.5.2) lib/rails/rack/logger.rb:20:in `block in call'
  activesupport (4.2.5.2) lib/active_support/tagged_logging.rb:68:in `block in tagged'
  activesupport (4.2.5.2) lib/active_support/tagged_logging.rb:26:in `tagged'
  activesupport (4.2.5.2) lib/active_support/tagged_logging.rb:68:in `tagged'
  railties (4.2.5.2) lib/rails/rack/logger.rb:20:in `call'
  actionpack (4.2.5.2) lib/action_dispatch/middleware/request_id.rb:21:in `call'
  rack (1.6.4) lib/rack/methodoverride.rb:22:in `call'
  rack (1.6.4) lib/rack/runtime.rb:18:in `call'
  activesupport (4.2.5.2) lib/active_support/cache/strategy/local_cache_middleware.rb:28:in `call'
  rack (1.6.4) lib/rack/lock.rb:17:in `call'
  actionpack (4.2.5.2) lib/action_dispatch/middleware/static.rb:116:in `call'
  rack (1.6.4) lib/rack/sendfile.rb:113:in `call'
  railties (4.2.5.2) lib/rails/engine.rb:518:in `call'
  railties (4.2.5.2) lib/rails/application.rb:165:in `call'
  rack (1.6.4) lib/rack/lock.rb:17:in `call'
  rack (1.6.4) lib/rack/content_length.rb:15:in `call'
  rack (1.6.4) lib/rack/handler/webrick.rb:88:in `service'
<<<<<<< HEAD
  /System/Library/Frameworks/Ruby.framework/Versions/2.0/usr/lib/ruby/2.0.0/webrick/httpserver.rb:138:in `service'
  /System/Library/Frameworks/Ruby.framework/Versions/2.0/usr/lib/ruby/2.0.0/webrick/httpserver.rb:94:in `run'
  /System/Library/Frameworks/Ruby.framework/Versions/2.0/usr/lib/ruby/2.0.0/webrick/server.rb:295:in `block in start_thread'


  Rendered /Library/Ruby/Gems/2.0.0/gems/actionpack-4.2.5.2/lib/action_dispatch/middleware/templates/rescues/_trace.html.erb (1.2ms)
  Rendered /Library/Ruby/Gems/2.0.0/gems/actionpack-4.2.5.2/lib/action_dispatch/middleware/templates/routes/_route.html.erb (1.0ms)
  Rendered /Library/Ruby/Gems/2.0.0/gems/actionpack-4.2.5.2/lib/action_dispatch/middleware/templates/routes/_table.html.erb (7.6ms)
  Rendered /Library/Ruby/Gems/2.0.0/gems/actionpack-4.2.5.2/lib/action_dispatch/middleware/templates/rescues/_request_and_response.html.erb (1.1ms)
  Rendered /Library/Ruby/Gems/2.0.0/gems/actionpack-4.2.5.2/lib/action_dispatch/middleware/templates/rescues/routing_error.html.erb within rescues/layout (36.0ms)
  Rendered /Library/Ruby/Gems/2.0.0/gems/web-console-2.3.0/lib/web_console/templates/_markup.html.erb (0.3ms)
  Rendered /Library/Ruby/Gems/2.0.0/gems/web-console-2.3.0/lib/web_console/templates/_inner_console_markup.html.erb within layouts/inlined_string (0.3ms)
  Rendered /Library/Ruby/Gems/2.0.0/gems/web-console-2.3.0/lib/web_console/templates/_prompt_box_markup.html.erb within layouts/inlined_string (0.2ms)
  Rendered /Library/Ruby/Gems/2.0.0/gems/web-console-2.3.0/lib/web_console/templates/style.css.erb within layouts/inlined_string (0.4ms)
  Rendered /Library/Ruby/Gems/2.0.0/gems/web-console-2.3.0/lib/web_console/templates/console.js.erb within layouts/javascript (56.5ms)
  Rendered /Library/Ruby/Gems/2.0.0/gems/web-console-2.3.0/lib/web_console/templates/main.js.erb within layouts/javascript (0.2ms)
  Rendered /Library/Ruby/Gems/2.0.0/gems/web-console-2.3.0/lib/web_console/templates/error_page.js.erb within layouts/javascript (0.3ms)
  Rendered /Library/Ruby/Gems/2.0.0/gems/web-console-2.3.0/lib/web_console/templates/index.html.erb (75.2ms)


Started GET "/rails/info/properties" for ::1 at 2016-03-23 09:55:17 -0400
Processing by Rails::InfoController#properties as */*
  [1m[35mActiveRecord::SchemaMigration Load (0.1ms)[0m  SELECT "schema_migrations".* FROM "schema_migrations"
  Rendered /Library/Ruby/Gems/2.0.0/gems/railties-4.2.5.2/lib/rails/templates/rails/info/properties.html.erb (0.4ms)
Completed 200 OK in 12ms (Views: 9.2ms | ActiveRecord: 0.2ms)


Started GET "/restaurants" for ::1 at 2016-03-23 09:55:23 -0400
Processing by RestaurantsController#index as HTML
  [1m[36mRestaurant Load (0.2ms)[0m  [1mSELECT "restaurants".* FROM "restaurants"[0m
  Rendered restaurants/index.html.erb within layouts/application (9.9ms)
Completed 200 OK in 596ms (Views: 589.0ms | ActiveRecord: 0.5ms)


Started GET "/assets/application.self-e80e8f2318043e8af94dddc2adad5a4f09739a8ebb323b3ab31cd71d45fd9113.css?body=1" for ::1 at 2016-03-23 09:55:24 -0400


Started GET "/assets/jquery.self-660adc51e0224b731d29f575a6f1ec167ba08ad06ed5deca4f1e8654c135bf4c.js?body=1" for ::1 at 2016-03-23 09:55:24 -0400


Started GET "/assets/jquery_ujs.self-e87806d0cf4489aeb1bb7288016024e8de67fd18db693fe026fe3907581e53cd.js?body=1" for ::1 at 2016-03-23 09:55:24 -0400


Started GET "/assets/turbolinks.self-c37727e9bd6b2735da5c311aa83fead54ed0be6cc8bd9a65309e9c5abe2cbfff.js?body=1" for ::1 at 2016-03-23 09:55:24 -0400


Started GET "/assets/application.self-3b8dabdc891efe46b9a144b400ad69e37d7e5876bdc39dee783419a69d7ca819.js?body=1" for ::1 at 2016-03-23 09:55:24 -0400


Started GET "/restaurants/10" for ::1 at 2016-03-23 09:55:28 -0400
Processing by RestaurantsController#show as HTML
  Parameters: {"id"=>"10"}
  [1m[35mRestaurant Load (0.2ms)[0m  SELECT  "restaurants".* FROM "restaurants" WHERE "restaurants"."id" = ? LIMIT 1  [["id", 10]]
  Rendered restaurants/show.html.erb within layouts/application (0.7ms)
Completed 200 OK in 18ms (Views: 8.7ms | ActiveRecord: 0.2ms)


Started GET "/restaurants" for ::1 at 2016-03-23 09:55:29 -0400
Processing by RestaurantsController#index as HTML
  [1m[36mRestaurant Load (0.2ms)[0m  [1mSELECT "restaurants".* FROM "restaurants"[0m
  Rendered restaurants/index.html.erb within layouts/application (3.0ms)
Completed 200 OK in 12ms (Views: 11.0ms | ActiveRecord: 0.2ms)


Started GET "/restaurants/" for ::1 at 2016-03-23 12:21:11 -0400
  [1m[36mActiveRecord::SchemaMigration Load (0.3ms)[0m  [1mSELECT "schema_migrations".* FROM "schema_migrations"[0m
Processing by RestaurantsController#index as HTML
  [1m[35mRestaurant Load (0.4ms)[0m  SELECT "restaurants".* FROM "restaurants"
  Rendered restaurants/index.html.erb within layouts/application (47.1ms)
Completed 200 OK in 378ms (Views: 349.4ms | ActiveRecord: 0.7ms)


Started GET "/restaurants/1" for ::1 at 2016-03-23 12:21:13 -0400
Processing by RestaurantsController#show as HTML
  Parameters: {"id"=>"1"}
  [1m[36mRestaurant Load (0.3ms)[0m  [1mSELECT  "restaurants".* FROM "restaurants" WHERE "restaurants"."id" = ? LIMIT 1[0m  [["id", 1]]
  Rendered restaurants/show.html.erb within layouts/application (1.1ms)
Completed 200 OK in 25ms (Views: 15.0ms | ActiveRecord: 0.3ms)
  [1m[36mActiveRecord::SchemaMigration Load (0.3ms)[0m  [1mSELECT "schema_migrations".* FROM "schema_migrations"[0m
  [1m[35mActiveRecord::SchemaMigration Load (0.1ms)[0m  SELECT "schema_migrations".* FROM "schema_migrations"
=======
  C:/RailsInstaller/Ruby2.2.0/lib/ruby/2.2.0/webrick/httpserver.rb:138:in `service'
  C:/RailsInstaller/Ruby2.2.0/lib/ruby/2.2.0/webrick/httpserver.rb:94:in `run'
  C:/RailsInstaller/Ruby2.2.0/lib/ruby/2.2.0/webrick/server.rb:294:in `block in start_thread'


  Rendered C:/RailsInstaller/Ruby2.2.0/lib/ruby/gems/2.2.0/gems/actionpack-4.2.5.2/lib/action_dispatch/middleware/templates/rescues/_trace.html.erb (4.0ms)
  Rendered C:/RailsInstaller/Ruby2.2.0/lib/ruby/gems/2.2.0/gems/actionpack-4.2.5.2/lib/action_dispatch/middleware/templates/routes/_route.html.erb (2.0ms)
  Rendered C:/RailsInstaller/Ruby2.2.0/lib/ruby/gems/2.2.0/gems/actionpack-4.2.5.2/lib/action_dispatch/middleware/templates/routes/_table.html.erb (91.0ms)
  Rendered C:/RailsInstaller/Ruby2.2.0/lib/ruby/gems/2.2.0/gems/actionpack-4.2.5.2/lib/action_dispatch/middleware/templates/rescues/_request_and_response.html.erb (2.0ms)
  Rendered C:/RailsInstaller/Ruby2.2.0/lib/ruby/gems/2.2.0/gems/actionpack-4.2.5.2/lib/action_dispatch/middleware/templates/rescues/routing_error.html.erb within rescues/layout (2259.1ms)
  Rendered C:/RailsInstaller/Ruby2.2.0/lib/ruby/gems/2.2.0/gems/web-console-2.3.0/lib/web_console/templates/_markup.html.erb (1.0ms)
  Rendered C:/RailsInstaller/Ruby2.2.0/lib/ruby/gems/2.2.0/gems/web-console-2.3.0/lib/web_console/templates/_inner_console_markup.html.erb within layouts/inlined_string (1.0ms)
  Rendered C:/RailsInstaller/Ruby2.2.0/lib/ruby/gems/2.2.0/gems/web-console-2.3.0/lib/web_console/templates/_prompt_box_markup.html.erb within layouts/inlined_string (0.0ms)
  Rendered C:/RailsInstaller/Ruby2.2.0/lib/ruby/gems/2.2.0/gems/web-console-2.3.0/lib/web_console/templates/style.css.erb within layouts/inlined_string (1.0ms)
  Rendered C:/RailsInstaller/Ruby2.2.0/lib/ruby/gems/2.2.0/gems/web-console-2.3.0/lib/web_console/templates/console.js.erb within layouts/javascript (1784.1ms)
  Rendered C:/RailsInstaller/Ruby2.2.0/lib/ruby/gems/2.2.0/gems/web-console-2.3.0/lib/web_console/templates/main.js.erb within layouts/javascript (1.0ms)
  Rendered C:/RailsInstaller/Ruby2.2.0/lib/ruby/gems/2.2.0/gems/web-console-2.3.0/lib/web_console/templates/error_page.js.erb within layouts/javascript (1.0ms)
  Rendered C:/RailsInstaller/Ruby2.2.0/lib/ruby/gems/2.2.0/gems/web-console-2.3.0/lib/web_console/templates/index.html.erb (3909.2ms)


Started GET "/restaurants" for ::1 at 2016-03-23 13:07:41 -0400
Processing by RestaurantsController#index as HTML
  [1m[35mRestaurant Load (1.0ms)[0m  SELECT "restaurants".* FROM "restaurants"
  Rendered restaurants/index.html.erb within layouts/application (25.0ms)
Completed 200 OK in 2170ms (Views: 2148.7ms | ActiveRecord: 2.0ms)


Started GET "/assets/jquery.self-c64a74367bda6ef8b860f19e74df08927ca99d2be2ac934e9e92d5fd361e0da4.js?body=1" for ::1 at 2016-03-23 13:07:43 -0400


Started GET "/assets/jquery_ujs.self-d602bdfe68ffc63b9f9cc512872aa3cfff046228a0a36e90dd476e8ef54c1b09.js?body=1" for ::1 at 2016-03-23 13:07:43 -0400


Started GET "/assets/application.self-e80e8f2318043e8af94dddc2adad5a4f09739a8ebb323b3ab31cd71d45fd9113.css?body=1" for ::1 at 2016-03-23 13:07:43 -0400


Started GET "/assets/turbolinks.self-c37727e9bd6b2735da5c311aa83fead54ed0be6cc8bd9a65309e9c5abe2cbfff.js?body=1" for ::1 at 2016-03-23 13:07:43 -0400


Started GET "/assets/application.self-3b8dabdc891efe46b9a144b400ad69e37d7e5876bdc39dee783419a69d7ca819.js?body=1" for ::1 at 2016-03-23 13:07:43 -0400


Started GET "/restaurants/10" for ::1 at 2016-03-23 13:07:47 -0400
Processing by RestaurantsController#show as HTML
  Parameters: {"id"=>"10"}
  [1m[36mRestaurant Load (1.0ms)[0m  [1mSELECT  "restaurants".* FROM "restaurants" WHERE "restaurants"."id" = ? LIMIT 1[0m  [["id", 10]]
  Rendered restaurants/show.html.erb within layouts/application (3.0ms)
Completed 200 OK in 360ms (Views: 196.4ms | ActiveRecord: 1.0ms)


Started GET "/restaurants" for ::1 at 2016-03-23 13:07:50 -0400
Processing by RestaurantsController#index as HTML
  [1m[35mRestaurant Load (0.0ms)[0m  SELECT "restaurants".* FROM "restaurants"
  Rendered restaurants/index.html.erb within layouts/application (13.0ms)
Completed 200 OK in 200ms (Views: 199.7ms | ActiveRecord: 0.0ms)


Started GET "/restaurants/5" for ::1 at 2016-03-23 13:07:51 -0400
Processing by RestaurantsController#show as HTML
  Parameters: {"id"=>"5"}
  [1m[36mRestaurant Load (0.0ms)[0m  [1mSELECT  "restaurants".* FROM "restaurants" WHERE "restaurants"."id" = ? LIMIT 1[0m  [["id", 5]]
  Rendered restaurants/show.html.erb within layouts/application (1.0ms)
Completed 200 OK in 171ms (Views: 166.2ms | ActiveRecord: 0.0ms)


Started GET "/restaurants/5/edit" for ::1 at 2016-03-23 13:07:53 -0400
Processing by RestaurantsController#edit as HTML
  Parameters: {"id"=>"5"}
  [1m[35mRestaurant Load (1.0ms)[0m  SELECT  "restaurants".* FROM "restaurants" WHERE "restaurants"."id" = ? LIMIT 1  [["id", 5]]
  Rendered restaurants/_form.html.erb (45.0ms)
  Rendered restaurants/edit.html.erb within layouts/application (102.0ms)
Completed 200 OK in 272ms (Views: 267.2ms | ActiveRecord: 1.0ms)


Started PATCH "/restaurants/5" for ::1 at 2016-03-23 13:07:55 -0400
Processing by RestaurantsController#update as HTML
  Parameters: {"utf8"=>"✓", "authenticity_token"=>"gcAbbxvYDZ4NpnGWAoPRcaNLUZsJ1LstpENAjuwT7yX17u0s2IU3XW3uwvSGx2ZlybHHZgiOKbyDB7afvqN18w==", "commit"=>"Update Restaurant", "id"=>"5"}
  [1m[36mRestaurant Load (1.0ms)[0m  [1mSELECT  "restaurants".* FROM "restaurants" WHERE "restaurants"."id" = ? LIMIT 1[0m  [["id", 5]]
  [1m[35m (0.0ms)[0m  begin transaction
  [1m[36m (0.0ms)[0m  [1mcommit transaction[0m
Redirected to http://localhost:3000/restaurants/5
Completed 302 Found in 12ms (ActiveRecord: 1.0ms)


Started GET "/restaurants/5" for ::1 at 2016-03-23 13:07:56 -0400
Processing by RestaurantsController#show as HTML
  Parameters: {"id"=>"5"}
  [1m[35mRestaurant Load (1.0ms)[0m  SELECT  "restaurants".* FROM "restaurants" WHERE "restaurants"."id" = ? LIMIT 1  [["id", 5]]
  Rendered restaurants/show.html.erb within layouts/application (2.0ms)
Completed 200 OK in 154ms (Views: 150.1ms | ActiveRecord: 1.0ms)


Started GET "/restaurants" for ::1 at 2016-03-23 13:07:59 -0400
Processing by RestaurantsController#index as HTML
  [1m[36mRestaurant Load (0.0ms)[0m  [1mSELECT "restaurants".* FROM "restaurants"[0m
  Rendered restaurants/index.html.erb within layouts/application (9.0ms)
Completed 200 OK in 160ms (Views: 159.1ms | ActiveRecord: 0.0ms)
>>>>>>> origin/master


Started GET "/" for ::1 at 2016-03-23 14:47:33 -0400
  [1m[36mActiveRecord::SchemaMigration Load (0.1ms)[0m  [1mSELECT "schema_migrations".* FROM "schema_migrations"[0m
Processing by Rails::WelcomeController#index as HTML
  Rendered /Library/Ruby/Gems/2.0.0/gems/railties-4.2.5.2/lib/rails/templates/rails/welcome/index.html.erb (1.5ms)
Completed 200 OK in 31ms (Views: 8.6ms | ActiveRecord: 0.0ms)


Started GET "/restaurants" for ::1 at 2016-03-23 14:47:38 -0400
Processing by RestaurantsController#index as HTML
  [1m[35mRestaurant Load (0.4ms)[0m  SELECT "restaurants".* FROM "restaurants"
  Rendered restaurants/index.html.erb within layouts/application (9.3ms)
Completed 200 OK in 641ms (Views: 633.2ms | ActiveRecord: 0.7ms)


Started GET "/" for ::1 at 2016-03-23 17:07:35 -0400
  [1m[36mActiveRecord::SchemaMigration Load (0.2ms)[0m  [1mSELECT "schema_migrations".* FROM "schema_migrations"[0m
Processing by Rails::WelcomeController#index as HTML
  Rendered /Library/Ruby/Gems/2.0.0/gems/railties-4.2.5.2/lib/rails/templates/rails/welcome/index.html.erb (1.7ms)
Completed 200 OK in 35ms (Views: 10.1ms | ActiveRecord: 0.0ms)


Started GET "/" for ::1 at 2016-03-23 17:07:35 -0400
Processing by Rails::WelcomeController#index as HTML
  Rendered /Library/Ruby/Gems/2.0.0/gems/railties-4.2.5.2/lib/rails/templates/rails/welcome/index.html.erb (0.1ms)
Completed 200 OK in 2ms (Views: 0.9ms | ActiveRecord: 0.0ms)


Started GET "/restaurants" for ::1 at 2016-03-23 17:07:40 -0400
Processing by RestaurantsController#index as HTML
  [1m[35mRestaurant Load (0.4ms)[0m  SELECT "restaurants".* FROM "restaurants"
  Rendered restaurants/index.html.erb within layouts/application (9.2ms)
Completed 200 OK in 360ms (Views: 320.3ms | ActiveRecord: 0.7ms)
  [1m[36mRestaurant Load (0.9ms)[0m  [1mSELECT "restaurants".* FROM "restaurants"[0m
  [1m[36mActiveRecord::SchemaMigration Load (0.3ms)[0m  [1mSELECT "schema_migrations".* FROM "schema_migrations"[0m
Migrating to AddDeviseToRestaurants (20160326021940)
  [1m[35m (0.1ms)[0m  begin transaction
  [1m[36m (0.4ms)[0m  [1mALTER TABLE "restaurants" ADD "email" varchar DEFAULT '' NOT NULL[0m
  [1m[35m (0.1ms)[0m  ALTER TABLE "restaurants" ADD "encrypted_password" varchar DEFAULT '' NOT NULL
  [1m[36m (0.1ms)[0m  [1mALTER TABLE "restaurants" ADD "reset_password_token" varchar[0m
  [1m[35m (0.1ms)[0m  ALTER TABLE "restaurants" ADD "reset_password_sent_at" datetime
  [1m[36m (0.1ms)[0m  [1mALTER TABLE "restaurants" ADD "remember_created_at" datetime[0m
  [1m[35m (0.2ms)[0m  ALTER TABLE "restaurants" ADD "sign_in_count" integer DEFAULT 0 NOT NULL
  [1m[36m (0.1ms)[0m  [1mALTER TABLE "restaurants" ADD "current_sign_in_at" datetime[0m
  [1m[35m (0.1ms)[0m  ALTER TABLE "restaurants" ADD "last_sign_in_at" datetime
  [1m[36m (0.1ms)[0m  [1mALTER TABLE "restaurants" ADD "current_sign_in_ip" varchar[0m
  [1m[35m (0.1ms)[0m  ALTER TABLE "restaurants" ADD "last_sign_in_ip" varchar
  [1m[36m (0.1ms)[0m  [1mselect sqlite_version(*)[0m
  [1m[35m (0.8ms)[0m  CREATE UNIQUE INDEX "index_restaurants_on_email" ON "restaurants" ("email")
  [1m[36m (0.5ms)[0m  [1mrollback transaction[0m


Started GET "/" for ::1 at 2016-03-25 22:39:40 -0400
  [1m[36mActiveRecord::SchemaMigration Load (0.1ms)[0m  [1mSELECT "schema_migrations".* FROM "schema_migrations"[0m

ActiveRecord::PendingMigrationError (

Migrations are pending. To resolve this issue, run:

	bin/rake db:migrate RAILS_ENV=development

):
  activerecord (4.2.5.2) lib/active_record/migration.rb:392:in `check_pending!'
  activerecord (4.2.5.2) lib/active_record/migration.rb:373:in `call'
  actionpack (4.2.5.2) lib/action_dispatch/middleware/callbacks.rb:29:in `block in call'
  activesupport (4.2.5.2) lib/active_support/callbacks.rb:88:in `__run_callbacks__'
  activesupport (4.2.5.2) lib/active_support/callbacks.rb:778:in `_run_call_callbacks'
  activesupport (4.2.5.2) lib/active_support/callbacks.rb:81:in `run_callbacks'
  actionpack (4.2.5.2) lib/action_dispatch/middleware/callbacks.rb:27:in `call'
  actionpack (4.2.5.2) lib/action_dispatch/middleware/reloader.rb:73:in `call'
  actionpack (4.2.5.2) lib/action_dispatch/middleware/remote_ip.rb:78:in `call'
  actionpack (4.2.5.2) lib/action_dispatch/middleware/debug_exceptions.rb:17:in `call'
  web-console (2.3.0) lib/web_console/middleware.rb:28:in `block in call'
  web-console (2.3.0) lib/web_console/middleware.rb:18:in `catch'
  web-console (2.3.0) lib/web_console/middleware.rb:18:in `call'
  actionpack (4.2.5.2) lib/action_dispatch/middleware/show_exceptions.rb:30:in `call'
  railties (4.2.5.2) lib/rails/rack/logger.rb:38:in `call_app'
  railties (4.2.5.2) lib/rails/rack/logger.rb:20:in `block in call'
  activesupport (4.2.5.2) lib/active_support/tagged_logging.rb:68:in `block in tagged'
  activesupport (4.2.5.2) lib/active_support/tagged_logging.rb:26:in `tagged'
  activesupport (4.2.5.2) lib/active_support/tagged_logging.rb:68:in `tagged'
  railties (4.2.5.2) lib/rails/rack/logger.rb:20:in `call'
  actionpack (4.2.5.2) lib/action_dispatch/middleware/request_id.rb:21:in `call'
  rack (1.6.4) lib/rack/methodoverride.rb:22:in `call'
  rack (1.6.4) lib/rack/runtime.rb:18:in `call'
  activesupport (4.2.5.2) lib/active_support/cache/strategy/local_cache_middleware.rb:28:in `call'
  rack (1.6.4) lib/rack/lock.rb:17:in `call'
  actionpack (4.2.5.2) lib/action_dispatch/middleware/static.rb:116:in `call'
  rack (1.6.4) lib/rack/sendfile.rb:113:in `call'
  railties (4.2.5.2) lib/rails/engine.rb:518:in `call'
  railties (4.2.5.2) lib/rails/application.rb:165:in `call'
  rack (1.6.4) lib/rack/lock.rb:17:in `call'
  rack (1.6.4) lib/rack/content_length.rb:15:in `call'
  rack (1.6.4) lib/rack/handler/webrick.rb:88:in `service'
  /System/Library/Frameworks/Ruby.framework/Versions/2.0/usr/lib/ruby/2.0.0/webrick/httpserver.rb:138:in `service'
  /System/Library/Frameworks/Ruby.framework/Versions/2.0/usr/lib/ruby/2.0.0/webrick/httpserver.rb:94:in `run'
  /System/Library/Frameworks/Ruby.framework/Versions/2.0/usr/lib/ruby/2.0.0/webrick/server.rb:295:in `block in start_thread'


  Rendered /Library/Ruby/Gems/2.0.0/gems/actionpack-4.2.5.2/lib/action_dispatch/middleware/templates/rescues/_source.erb (2.2ms)
  Rendered /Library/Ruby/Gems/2.0.0/gems/actionpack-4.2.5.2/lib/action_dispatch/middleware/templates/rescues/_trace.html.erb (1.2ms)
  Rendered /Library/Ruby/Gems/2.0.0/gems/actionpack-4.2.5.2/lib/action_dispatch/middleware/templates/rescues/_request_and_response.html.erb (0.7ms)
  Rendered /Library/Ruby/Gems/2.0.0/gems/actionpack-4.2.5.2/lib/action_dispatch/middleware/templates/rescues/diagnostics.html.erb within rescues/layout (19.1ms)
  Rendered /Library/Ruby/Gems/2.0.0/gems/web-console-2.3.0/lib/web_console/templates/_markup.html.erb (0.3ms)
  Rendered /Library/Ruby/Gems/2.0.0/gems/web-console-2.3.0/lib/web_console/templates/_inner_console_markup.html.erb within layouts/inlined_string (0.2ms)
  Rendered /Library/Ruby/Gems/2.0.0/gems/web-console-2.3.0/lib/web_console/templates/_prompt_box_markup.html.erb within layouts/inlined_string (0.3ms)
  Rendered /Library/Ruby/Gems/2.0.0/gems/web-console-2.3.0/lib/web_console/templates/style.css.erb within layouts/inlined_string (0.3ms)
  Rendered /Library/Ruby/Gems/2.0.0/gems/web-console-2.3.0/lib/web_console/templates/console.js.erb within layouts/javascript (24.2ms)
  Rendered /Library/Ruby/Gems/2.0.0/gems/web-console-2.3.0/lib/web_console/templates/main.js.erb within layouts/javascript (0.3ms)
  Rendered /Library/Ruby/Gems/2.0.0/gems/web-console-2.3.0/lib/web_console/templates/error_page.js.erb within layouts/javascript (33.9ms)
  Rendered /Library/Ruby/Gems/2.0.0/gems/web-console-2.3.0/lib/web_console/templates/index.html.erb (79.0ms)


Started POST "/__web_console/repl_sessions/40e82bff61a09754d123a5f1164bfd5d/trace" for ::1 at 2016-03-25 22:39:55 -0400


Started GET "/" for ::1 at 2016-03-25 22:53:02 -0400
  [1m[35mActiveRecord::SchemaMigration Load (0.1ms)[0m  SELECT "schema_migrations".* FROM "schema_migrations"

ActiveRecord::PendingMigrationError (

Migrations are pending. To resolve this issue, run:

	bin/rake db:migrate RAILS_ENV=development

):
  activerecord (4.2.5.2) lib/active_record/migration.rb:392:in `check_pending!'
  activerecord (4.2.5.2) lib/active_record/migration.rb:373:in `call'
  actionpack (4.2.5.2) lib/action_dispatch/middleware/callbacks.rb:29:in `block in call'
  activesupport (4.2.5.2) lib/active_support/callbacks.rb:88:in `__run_callbacks__'
  activesupport (4.2.5.2) lib/active_support/callbacks.rb:778:in `_run_call_callbacks'
  activesupport (4.2.5.2) lib/active_support/callbacks.rb:81:in `run_callbacks'
  actionpack (4.2.5.2) lib/action_dispatch/middleware/callbacks.rb:27:in `call'
  actionpack (4.2.5.2) lib/action_dispatch/middleware/reloader.rb:73:in `call'
  actionpack (4.2.5.2) lib/action_dispatch/middleware/remote_ip.rb:78:in `call'
  actionpack (4.2.5.2) lib/action_dispatch/middleware/debug_exceptions.rb:17:in `call'
  web-console (2.3.0) lib/web_console/middleware.rb:28:in `block in call'
  web-console (2.3.0) lib/web_console/middleware.rb:18:in `catch'
  web-console (2.3.0) lib/web_console/middleware.rb:18:in `call'
  actionpack (4.2.5.2) lib/action_dispatch/middleware/show_exceptions.rb:30:in `call'
  railties (4.2.5.2) lib/rails/rack/logger.rb:38:in `call_app'
  railties (4.2.5.2) lib/rails/rack/logger.rb:20:in `block in call'
  activesupport (4.2.5.2) lib/active_support/tagged_logging.rb:68:in `block in tagged'
  activesupport (4.2.5.2) lib/active_support/tagged_logging.rb:26:in `tagged'
  activesupport (4.2.5.2) lib/active_support/tagged_logging.rb:68:in `tagged'
  railties (4.2.5.2) lib/rails/rack/logger.rb:20:in `call'
  actionpack (4.2.5.2) lib/action_dispatch/middleware/request_id.rb:21:in `call'
  rack (1.6.4) lib/rack/methodoverride.rb:22:in `call'
  rack (1.6.4) lib/rack/runtime.rb:18:in `call'
  activesupport (4.2.5.2) lib/active_support/cache/strategy/local_cache_middleware.rb:28:in `call'
  rack (1.6.4) lib/rack/lock.rb:17:in `call'
  actionpack (4.2.5.2) lib/action_dispatch/middleware/static.rb:116:in `call'
  rack (1.6.4) lib/rack/sendfile.rb:113:in `call'
  railties (4.2.5.2) lib/rails/engine.rb:518:in `call'
  railties (4.2.5.2) lib/rails/application.rb:165:in `call'
  rack (1.6.4) lib/rack/lock.rb:17:in `call'
  rack (1.6.4) lib/rack/content_length.rb:15:in `call'
  rack (1.6.4) lib/rack/handler/webrick.rb:88:in `service'
  /System/Library/Frameworks/Ruby.framework/Versions/2.0/usr/lib/ruby/2.0.0/webrick/httpserver.rb:138:in `service'
  /System/Library/Frameworks/Ruby.framework/Versions/2.0/usr/lib/ruby/2.0.0/webrick/httpserver.rb:94:in `run'
  /System/Library/Frameworks/Ruby.framework/Versions/2.0/usr/lib/ruby/2.0.0/webrick/server.rb:295:in `block in start_thread'


  Rendered /Library/Ruby/Gems/2.0.0/gems/actionpack-4.2.5.2/lib/action_dispatch/middleware/templates/rescues/_source.erb (2.0ms)
  Rendered /Library/Ruby/Gems/2.0.0/gems/actionpack-4.2.5.2/lib/action_dispatch/middleware/templates/rescues/_trace.html.erb (1.1ms)
  Rendered /Library/Ruby/Gems/2.0.0/gems/actionpack-4.2.5.2/lib/action_dispatch/middleware/templates/rescues/_request_and_response.html.erb (0.6ms)
  Rendered /Library/Ruby/Gems/2.0.0/gems/actionpack-4.2.5.2/lib/action_dispatch/middleware/templates/rescues/diagnostics.html.erb within rescues/layout (13.8ms)
  Rendered /Library/Ruby/Gems/2.0.0/gems/web-console-2.3.0/lib/web_console/templates/_markup.html.erb (0.3ms)
  Rendered /Library/Ruby/Gems/2.0.0/gems/web-console-2.3.0/lib/web_console/templates/_inner_console_markup.html.erb within layouts/inlined_string (0.2ms)
  Rendered /Library/Ruby/Gems/2.0.0/gems/web-console-2.3.0/lib/web_console/templates/_prompt_box_markup.html.erb within layouts/inlined_string (0.2ms)
  Rendered /Library/Ruby/Gems/2.0.0/gems/web-console-2.3.0/lib/web_console/templates/style.css.erb within layouts/inlined_string (0.3ms)
  Rendered /Library/Ruby/Gems/2.0.0/gems/web-console-2.3.0/lib/web_console/templates/console.js.erb within layouts/javascript (13.1ms)
  Rendered /Library/Ruby/Gems/2.0.0/gems/web-console-2.3.0/lib/web_console/templates/main.js.erb within layouts/javascript (0.2ms)
  Rendered /Library/Ruby/Gems/2.0.0/gems/web-console-2.3.0/lib/web_console/templates/error_page.js.erb within layouts/javascript (0.3ms)
  Rendered /Library/Ruby/Gems/2.0.0/gems/web-console-2.3.0/lib/web_console/templates/index.html.erb (26.3ms)


Started GET "/" for ::1 at 2016-03-25 22:54:09 -0400
  [1m[36mActiveRecord::SchemaMigration Load (0.1ms)[0m  [1mSELECT "schema_migrations".* FROM "schema_migrations"[0m

ActiveRecord::PendingMigrationError (

Migrations are pending. To resolve this issue, run:

	bin/rake db:migrate RAILS_ENV=development

):
  activerecord (4.2.5.2) lib/active_record/migration.rb:392:in `check_pending!'
  activerecord (4.2.5.2) lib/active_record/migration.rb:373:in `call'
  actionpack (4.2.5.2) lib/action_dispatch/middleware/callbacks.rb:29:in `block in call'
  activesupport (4.2.5.2) lib/active_support/callbacks.rb:88:in `__run_callbacks__'
  activesupport (4.2.5.2) lib/active_support/callbacks.rb:778:in `_run_call_callbacks'
  activesupport (4.2.5.2) lib/active_support/callbacks.rb:81:in `run_callbacks'
  actionpack (4.2.5.2) lib/action_dispatch/middleware/callbacks.rb:27:in `call'
  actionpack (4.2.5.2) lib/action_dispatch/middleware/reloader.rb:73:in `call'
  actionpack (4.2.5.2) lib/action_dispatch/middleware/remote_ip.rb:78:in `call'
  actionpack (4.2.5.2) lib/action_dispatch/middleware/debug_exceptions.rb:17:in `call'
  web-console (2.3.0) lib/web_console/middleware.rb:28:in `block in call'
  web-console (2.3.0) lib/web_console/middleware.rb:18:in `catch'
  web-console (2.3.0) lib/web_console/middleware.rb:18:in `call'
  actionpack (4.2.5.2) lib/action_dispatch/middleware/show_exceptions.rb:30:in `call'
  railties (4.2.5.2) lib/rails/rack/logger.rb:38:in `call_app'
  railties (4.2.5.2) lib/rails/rack/logger.rb:20:in `block in call'
  activesupport (4.2.5.2) lib/active_support/tagged_logging.rb:68:in `block in tagged'
  activesupport (4.2.5.2) lib/active_support/tagged_logging.rb:26:in `tagged'
  activesupport (4.2.5.2) lib/active_support/tagged_logging.rb:68:in `tagged'
  railties (4.2.5.2) lib/rails/rack/logger.rb:20:in `call'
  actionpack (4.2.5.2) lib/action_dispatch/middleware/request_id.rb:21:in `call'
  rack (1.6.4) lib/rack/methodoverride.rb:22:in `call'
  rack (1.6.4) lib/rack/runtime.rb:18:in `call'
  activesupport (4.2.5.2) lib/active_support/cache/strategy/local_cache_middleware.rb:28:in `call'
  rack (1.6.4) lib/rack/lock.rb:17:in `call'
  actionpack (4.2.5.2) lib/action_dispatch/middleware/static.rb:116:in `call'
  rack (1.6.4) lib/rack/sendfile.rb:113:in `call'
  railties (4.2.5.2) lib/rails/engine.rb:518:in `call'
  railties (4.2.5.2) lib/rails/application.rb:165:in `call'
  rack (1.6.4) lib/rack/lock.rb:17:in `call'
  rack (1.6.4) lib/rack/content_length.rb:15:in `call'
  rack (1.6.4) lib/rack/handler/webrick.rb:88:in `service'
  /System/Library/Frameworks/Ruby.framework/Versions/2.0/usr/lib/ruby/2.0.0/webrick/httpserver.rb:138:in `service'
  /System/Library/Frameworks/Ruby.framework/Versions/2.0/usr/lib/ruby/2.0.0/webrick/httpserver.rb:94:in `run'
  /System/Library/Frameworks/Ruby.framework/Versions/2.0/usr/lib/ruby/2.0.0/webrick/server.rb:295:in `block in start_thread'


  Rendered /Library/Ruby/Gems/2.0.0/gems/actionpack-4.2.5.2/lib/action_dispatch/middleware/templates/rescues/_source.erb (2.4ms)
  Rendered /Library/Ruby/Gems/2.0.0/gems/actionpack-4.2.5.2/lib/action_dispatch/middleware/templates/rescues/_trace.html.erb (1.2ms)
  Rendered /Library/Ruby/Gems/2.0.0/gems/actionpack-4.2.5.2/lib/action_dispatch/middleware/templates/rescues/_request_and_response.html.erb (0.6ms)
  Rendered /Library/Ruby/Gems/2.0.0/gems/actionpack-4.2.5.2/lib/action_dispatch/middleware/templates/rescues/diagnostics.html.erb within rescues/layout (14.3ms)
  Rendered /Library/Ruby/Gems/2.0.0/gems/web-console-2.3.0/lib/web_console/templates/_markup.html.erb (0.4ms)
  Rendered /Library/Ruby/Gems/2.0.0/gems/web-console-2.3.0/lib/web_console/templates/_inner_console_markup.html.erb within layouts/inlined_string (0.3ms)
  Rendered /Library/Ruby/Gems/2.0.0/gems/web-console-2.3.0/lib/web_console/templates/_prompt_box_markup.html.erb within layouts/inlined_string (0.3ms)
  Rendered /Library/Ruby/Gems/2.0.0/gems/web-console-2.3.0/lib/web_console/templates/style.css.erb within layouts/inlined_string (0.3ms)
  Rendered /Library/Ruby/Gems/2.0.0/gems/web-console-2.3.0/lib/web_console/templates/console.js.erb within layouts/javascript (50.9ms)
  Rendered /Library/Ruby/Gems/2.0.0/gems/web-console-2.3.0/lib/web_console/templates/main.js.erb within layouts/javascript (0.2ms)
  Rendered /Library/Ruby/Gems/2.0.0/gems/web-console-2.3.0/lib/web_console/templates/error_page.js.erb within layouts/javascript (0.3ms)
  Rendered /Library/Ruby/Gems/2.0.0/gems/web-console-2.3.0/lib/web_console/templates/index.html.erb (65.0ms)
