0 info it worked if it ends with ok
1 verbose cli [ '/usr/local/bin/node', '/usr/local/bin/npm', 'update', '-g' ]
2 info using npm@3.8.7
3 info using node@v4.2.4
4 verbose stack Error: Missing required argument #1
4 verbose stack     at module.exports (/usr/local/lib/node_modules/npm/lib/install/mutate-into-logical-tree.js:12:3)
4 verbose stack     at /usr/local/lib/node_modules/npm/lib/outdated.js:78:5
4 verbose stack     at /usr/local/lib/node_modules/npm/lib/outdated.js:62:20
4 verbose stack     at /usr/local/lib/node_modules/npm/node_modules/read-package-tree/rpt.js:179:20
4 verbose stack     at gotStat (fs.js:1559:21)
4 verbose stack     at FSReqWrap.oncomplete (fs.js:82:15)
5 verbose cwd /Users/Lauren/Desktop/eat-n-savery/myApp
6 error Darwin 15.2.0
7 error argv "/usr/local/bin/node" "/usr/local/bin/npm" "update" "-g"
8 error node v4.2.4
9 error npm  v3.8.7
10 error code EMISSINGARG
11 error typeerror Error: Missing required argument #1
11 error typeerror     at module.exports (/usr/local/lib/node_modules/npm/lib/install/mutate-into-logical-tree.js:12:3)
11 error typeerror     at /usr/local/lib/node_modules/npm/lib/outdated.js:78:5
11 error typeerror     at /usr/local/lib/node_modules/npm/lib/outdated.js:62:20
11 error typeerror     at /usr/local/lib/node_modules/npm/node_modules/read-package-tree/rpt.js:179:20
11 error typeerror     at gotStat (fs.js:1559:21)
11 error typeerror     at FSReqWrap.oncomplete (fs.js:82:15)
12 error typeerror This is an error with npm itself. Please report this error at:
12 error typeerror     <http://github.com/npm/npm/issues>
13 verbose exit [ 1, true ]
